/Users/miramou/Library/Application Support/OT One App 2/otone_data/calibrations/calibrations.json
Step 1: Add lysis and slurry to plate
2019-01-11 14:28:07.869145
Move deep well plate to B2. Add 10.5 mL slurry to position 1 at A2. Add 110 mL lysis buffer to position at A1. Press enter to continue. Time for loop completion: 0:02:05.555869
Move deep well plate to B1. Add 10.5 mL slurry to position 2 at A2. Add 110 mL lysis buffer to position at A1. Press enter to continue. Time for loop completion: 0:02:37.053284
Total time: 0:11:22.113039
/Users/miramou/Library/Application Support/OT One App 2/otone_data/calibrations/calibrations.json
Step 3: Add ethanol, centrifuge, decant supernatant, add lysis, incubate
2019-01-11 14:47:43.865548
Place deep plate at location B1. Fill A1 reservoir with 150 mL EtOH at position 2.  Time for loop completion: 0:00:32.862173
Time for loop completion: 0:00:30.711571
Time for loop completion: 0:00:30.551052
Time for loop completion: 0:00:30.457815
Time for loop completion: 0:00:30.429533
Time for loop completion: 0:00:30.466487
Time for loop completion: 0:00:58.679103
Time for loop completion: 0:00:58.592789
Time for loop completion: 0:00:58.528660
Time for loop completion: 0:00:58.478074
Time for loop completion: 0:00:58.417821
Time for loop completion: 0:00:58.359372
Seal plate 1 at location B1 and centrifuge for 1 min at 2000 RPM.  Time for loop completion: 0:18:45.799890
Place deep plate at location B1. Only remove seal from first row.  Peel back seal from next row. Time for loop completion: 0:01:56.364037
Peel back seal from next row. Time for loop completion: 0:01:44.545821
Peel back seal from next row. Time for loop completion: 0:01:48.041483
Replace tip rack at position E1Peel back seal from next row. Time for loop completion: 0:01:48.789853
Peel back seal from next row. Time for loop completion: 0:01:48.080258
Peel back seal from next row. Time for loop completion: 0:01:43.389953
Time for loop completion: 0:12:18.955671
Move deep plate to B2. Add 20 mL lysis buffer into column 3 of 12-col divided plate. Press enter to continue Remove deep plate at position B2 and incubate for 10 minutes at 60C. Press enter once incubation is complete.  Seal plate and vortex for 1 minute.
Time for loop completion: 0:02:55.677584
Move deep plate to B2. Add 20 mL EtOH buffer into column 5 of 12-col divided plate. Press enter to continue Seal plate and vortex for 1 minute.
Time for loop completion: 0:10:32.491070
Total time: 0:45:13.469705
/Users/miramou/Library/Application Support/OT One App 2/otone_data/calibrations/calibrations.json
Step 4: Transfer to 96-well filter plate
2019-01-11 15:33:43.801478
Place plate 1 at position B1. Place filter plate at position A1. Remove seal. Empty trash at C1. Press enter to continue with sample transfer. Seal and vortex plate. Press enter to continue. Loop completion time: 0:00:49.008398
Seal and vortex plate. Press enter to continue. Loop completion time: 0:00:46.734593
Seal and vortex plate. Press enter to continue. Loop completion time: 0:00:47.980813
Seal and vortex plate. Press enter to continue. Loop completion time: 0:00:54.571462
Seal and vortex plate. Press enter to continue. Loop completion time: 0:00:47.749717
Seal and vortex plate. Press enter to continue. Loop completion time: 0:00:50.051685
Total time: 0:05:53.074585
Centrifuge for 4 min at max speed (3900 RPM).
/Users/miramou/Library/Application Support/OT One App 2/otone_data/calibrations/calibrations.json
Step 5: Wash filter plate and elute
2019-01-11 15:39:54.329904
Wash 1
Place filter plate at position B1 after centrifugation. Remove seal from 2-column wash plate at A1 and add 24 mL wash. Empty trash. Press enter to continue with wash addition. Centrifuge for 3 min at max (3900 RPM). Add 24 mL wash buffer to 2-column wash reservoir at col 1. 
Loop completion time: 0:07:14.972356

Wash 2
Place filter plate at position B1 after centrifugation. Remove seal from 2-column wash plate at A1 and add 24 mL wash. Empty trash. Press enter to continue with wash addition. Centrifuge for 3 min at max (3900 RPM). Add 24 mL wash buffer to 2-column wash reservoir at col 1. 
Loop completion time: 0:07:00.615606

Wash 3
Place filter plate at position B1 after centrifugation. Remove seal from 2-column wash plate at A1 and add 24 mL wash. Empty trash. Press enter to continue with wash addition. Centrifuge for 8 min at max speed (3900 RPM). 
Loop completion time: 0:06:06.886358

Add 4 mL elution buffer to position 7 in 12 column reservoir at A2. Move filter plate to B2. Press enter to continue. Loop completion time: 0:11:41.999601

Total time: 0:32:04.474084
Centrifuge at max speed for 5 minutes. 
/Users/miramou/Library/Application Support/OT One App 2/otone_data/calibrations/calibrations.json
Step 6: Zymo Clean and Concentrate
2019-01-11 16:48:54.949214
Place sample plate at C1. Add 27 mL binding buffer to column 1 at D1 reservoir. Press enter to continue. Loop completion time: 0:06:07.065395
Place sample plate at C1. Add 40 mL EtOH to column 2 at D1 reservoir. Press enter to continue. Place filter plate at B1. Make sure there is a seal. You will peel this back sequentially. Peel back seal from 1 Peel back seal from 2 Peel back seal from 3 Peel back seal from 4 Peel back seal from 5 Peel back seal from 6 Peel back seal from 7 Peel back seal from 8 Peel back seal from 9 