/Users/miramou/Library/Application Support/OT One App 2/otone_data/calibrations/calibrations.json
Step 1: Add lysis and slurry to plate
2019-01-15 11:09:39.973619
Move deep well plate to B2. Add 10.5 mL slurry to position 1 at A2. Add 110 mL lysis buffer to position at A1. Press enter to continue. Time for loop completion: 0:02:05.503108
Move deep well plate to B1. Add 10.5 mL slurry to position 2 at A2. Add 110 mL lysis buffer to position at A1. Press enter to continue. Time for loop completion: 0:02:37.080443
Total time: 0:07:31.183403
/Users/miramou/Library/Application Support/OT One App 2/otone_data/calibrations/calibrations.json
Step 3: Add ethanol, centrifuge, decant supernatant, add lysis, incubate
2019-01-15 11:29:07.273752
Place deep plate at location B1. Fill A1 reservoir with 150 mL EtOH at position 2.  Seal plate 1 at location B1 and centrifuge for 1 min at 2000 RPM.  Time for loop completion: 0:14:39.491389
Place deep plate at location B1. Only remove seal from first row.  Peel back seal from next row. Time for loop completion: 0:01:48.555777
Peel back seal from next row. Time for loop completion: 0:01:44.374739
Peel back seal from next row. Time for loop completion: 0:01:48.527718
Replace tip rack at position E1Peel back seal from next row. Time for loop completion: 0:01:49.432113
Peel back seal from next row. Time for loop completion: 0:01:50.725756
Peel back seal from next row. Time for loop completion: 0:01:44.137846
Time for loop completion: 0:10:47.966375
Move deep plate to B2. Add 20 mL lysis buffer into column 3 of 12-col divided plate. Press enter to continue Remove deep plate at position B2 and incubate for 10 minutes at 60C. Press enter once incubation is complete.  Change temp on incubator to 37C! Press enter to continue. Seal plate and vortex for 1 minute.
Time for loop completion: 0:11:57.367997
Move deep plate to B2. Add 20 mL EtOH buffer into column 5 of 12-col divided plate. Press enter to continue Seal plate and vortex for 1 minute.
Time for loop completion: 0:00:47.200009
Total time: 0:38:52.631119
/Users/miramou/Library/Application Support/OT One App 2/otone_data/calibrations/calibrations.json
Step 4: Transfer to 96-well filter plate
2019-01-15 12:09:15.708721
Place plate 1 at position B1. Place filter plate at position A1. Remove seal. Empty trash at C1. Press enter to continue with sample transfer. Seal and vortex plate. Press enter to continue. Loop completion time: 0:00:48.543409
Seal and vortex plate. Press enter to continue. Loop completion time: 0:01:27.269160
Seal and vortex plate. Press enter to continue. Loop completion time: 0:00:54.207337
Seal and vortex plate. Press enter to continue. Loop completion time: 0:01:44.819785
Seal and vortex plate. Press enter to continue. Loop completion time: 0:00:47.364627
Seal and vortex plate. Press enter to continue. Loop completion time: 0:00:48.738041
Total time: 0:06:31.932389
Centrifuge for 4 min at max speed (3900 RPM).
/Users/miramou/Library/Application Support/OT One App 2/otone_data/calibrations/calibrations.json
Step 5: Wash filter plate and elute
2019-01-15 12:16:04.966737
Wash 1
Place filter plate at position B1 after centrifugation. Remove seal from 2-column wash plate at A1 and add 24 mL wash. Empty trash. Press enter to continue with wash addition. Centrifuge for 3 min at max (3900 RPM). Add 24 mL wash buffer to 2-column wash reservoir at col 1. 
Loop completion time: 0:06:28.543891

Wash 2
Place filter plate at position B1 after centrifugation. Remove seal from 2-column wash plate at A1 and add 24 mL wash. Empty trash. Press enter to continue with wash addition. Centrifuge for 3 min at max (3900 RPM). Add 24 mL wash buffer to 2-column wash reservoir at col 1. 
Loop completion time: 0:05:57.386326

Wash 3
Place filter plate at position B1 after centrifugation. Remove seal from 2-column wash plate at A1 and add 24 mL wash. Empty trash. Press enter to continue with wash addition. Centrifuge for 8 min at max speed (3900 RPM). 
Loop completion time: 0:05:56.692489

Add 8 mL elution buffer to position 7 in 12 column reservoir at A2. Move filter plate to B2. Press enter to continue. Loop completion time: 0:11:54.282340

Total time: 0:30:16.905185
Centrifuge at max speed for 5 minutes. 
