/Users/miramou/Library/Application Support/OT One App 2/otone_data/calibrations/calibrations.json
Step 1: Add lysis and slurry to plate
2019-02-04 11:24:07.480702
Move deep well plate to B2. Add 10.5 mL slurry to position 1 at A2. Add 110 mL lysis buffer to position at A1. Press enter to continue. Time for loop completion: 0:02:05.543099
Move deep well plate to B1. Add 10.5 mL slurry to position 2 at A2. Add 110 mL lysis buffer to position at A1. Press enter to continue. Time for loop completion: 0:02:37.051115
Total time: 0:05:06.815108
/Users/miramou/Library/Application Support/OT One App 2/otone_data/calibrations/calibrations.json
Step 3: Add ethanol, centrifuge, decant supernatant, add lysis, incubate
2019-02-04 11:58:18.859624
Place deep plate at location B1. Fill A1 reservoir with 150 mL EtOH at position 2.  Seal plate 1 at location B1 and centrifuge for 1 min at 2000 RPM.  Time for loop completion: 0:14:55.752677
Place deep plate at location B1. Only remove seal from first row.  Peel back seal from next row. Time for loop completion: 0:02:09.768763
Peel back seal from next row. Time for loop completion: 0:01:45.909919
Peel back seal from next row. Time for loop completion: 0:01:46.480670
Replace tip rack at position E1Peel back seal from next row. Time for loop completion: 0:01:44.163366
Peel back seal from next row. Time for loop completion: 0:01:45.837862
Peel back seal from next row. Time for loop completion: 0:01:43.382284
Time for loop completion: 0:10:59.781168
Move deep plate to B2. Add 20 mL lysis buffer into column 3 of 12-col divided plate. Press enter to continue Remove deep plate at position B2 and incubate for 10 minutes at 60C. Press enter once incubation is complete.  Change temp on incubator to 37C! Press enter to continue. Seal plate and vortex for 1 minute.
Time for loop completion: 0:02:49.205349
Move deep plate to B2. Add 20 mL EtOH buffer into column 5 of 12-col divided plate. Press enter to continue Seal plate and vortex for 1 minute.
Time for loop completion: 0:10:27.763627
Total time: 0:39:53.041752
/Users/miramou/Library/Application Support/OT One App 2/otone_data/calibrations/calibrations.json
Step 5: Wash filter plate and elute
2019-02-04 12:49:50.937595
Wash 1
Place filter plate at position B1 after centrifugation. Remove seal from 2-column wash plate at A1 and add 24 mL wash. Empty trash. Press enter to continue with wash addition. Centrifuge for 3 min at max (3900 RPM). Add 24 mL wash buffer to 2-column wash reservoir at col 1. 
Loop completion time: 0:03:03.164504

Wash 2
Place filter plate at position B1 after centrifugation. Remove seal from 2-column wash plate at A1 and add 24 mL wash. Empty trash. Press enter to continue with wash addition. Centrifuge for 3 min at max (3900 RPM). Add 24 mL wash buffer to 2-column wash reservoir at col 1. 
Loop completion time: 0:05:52.625512

Wash 3
Place filter plate at position B1 after centrifugation. Remove seal from 2-column wash plate at A1 and add 24 mL wash. Empty trash. Press enter to continue with wash addition. Centrifuge for 8 min at max speed (3900 RPM). 
Loop completion time: 0:05:48.773650

Add 10 mL elution buffer to position 7 in 12 column reservoir at A2. Move filter plate to B2. Press enter to continue. Loop completion time: 0:11:28.695837

Total time: 0:26:13.259598
Centrifuge at max speed for 5 minutes. 
