/Users/miramou/Library/Application Support/OT One App 2/otone_data/calibrations/calibrations.json
Step 1: Add lysis and slurry to plate
2019-01-30 13:56:57.895596
Move deep well plate to B2. Add 10.5 mL slurry to position 1 at A2. Add 110 mL lysis buffer to position at A1. Press enter to continue. Time for loop completion: 0:02:05.511763
Move deep well plate to B1. Add 10.5 mL slurry to position 2 at A2. Add 110 mL lysis buffer to position at A1. Press enter to continue. Time for loop completion: 0:02:37.017100
Total time: 0:09:25.924591
/Users/miramou/Library/Application Support/OT One App 2/otone_data/calibrations/calibrations.json
Step 3: Add ethanol, centrifuge, decant supernatant, add lysis, incubate
2019-01-30 15:08:07.858984
Place deep plate at location B1. Fill A1 reservoir with 150 mL EtOH at position 2.  Seal plate 1 at location B1 and centrifuge for 1 min at 2000 RPM.  Time for loop completion: 0:16:02.215757
Place deep plate at location B1. Only remove seal from first row.  Peel back seal from next row. Time for loop completion: 0:01:46.150099
Peel back seal from next row. Time for loop completion: 0:01:42.954899
Peel back seal from next row. Time for loop completion: 0:01:43.262643
Replace tip rack at position E1Peel back seal from next row. Time for loop completion: 0:01:43.964667
Peel back seal from next row. Time for loop completion: 0:01:43.178129
Peel back seal from next row. Time for loop completion: 0:01:43.150514
Time for loop completion: 0:10:26.121806
Move deep plate to B2. Add 20 mL lysis buffer into column 3 of 12-col divided plate. Press enter to continue Remove deep plate at position B2 and incubate for 10 minutes at 60C. Press enter once incubation is complete.  Change temp on incubator to 37C! Press enter to continue. Seal plate and vortex for 1 minute.
Time for loop completion: 0:01:55.237922
Move deep plate to B2. Add 20 mL EtOH buffer into column 5 of 12-col divided plate. Press enter to continue Seal plate and vortex for 1 minute.
Time for loop completion: 0:10:56.852513
Total time: 0:40:00.964017
/Users/miramou/Library/Application Support/OT One App 2/otone_data/calibrations/calibrations.json
Step 5: Wash filter plate and elute
2019-01-30 15:54:34.179390
Wash 1
Place filter plate at position B1 after centrifugation. Remove seal from 2-column wash plate at A1 and add 24 mL wash. Empty trash. Press enter to continue with wash addition. Centrifuge for 3 min at max (3900 RPM). Add 24 mL wash buffer to 2-column wash reservoir at col 1. 
Loop completion time: 0:05:59.552173

Wash 2
Place filter plate at position B1 after centrifugation. Remove seal from 2-column wash plate at A1 and add 24 mL wash. Empty trash. Press enter to continue with wash addition. Centrifuge for 3 min at max (3900 RPM). Add 24 mL wash buffer to 2-column wash reservoir at col 1. 
Loop completion time: 0:07:52.183834

Wash 3
Place filter plate at position B1 after centrifugation. Remove seal from 2-column wash plate at A1 and add 24 mL wash. Empty trash. Press enter to continue with wash addition. Centrifuge for 8 min at max speed (3900 RPM). 
Loop completion time: 0:05:33.981945

Add 10 mL elution buffer to position 7 in 12 column reservoir at A2. Move filter plate to B2. Press enter to continue. Loop completion time: 0:12:50.119109

Total time: 0:32:15.839017
Centrifuge at max speed for 5 minutes. 
